<?xml version="1.0" encoding="UTF-8"?>
<testsuite xmlns:xsi="http://www.w3.org/2001/XMLSchema-instance" xsi:noNamespaceSchemaLocation="https://maven.apache.org/surefire/maven-surefire-plugin/xsd/surefire-test-report.xsd" version="3.0.2" name="com.orangehrm.selenium.cucumber.runner.CucumberJUnitSuiteTest" time="16.66" tests="2" errors="0" skipped="0" failures="2">
  <properties>
[...]
</properties>
  <testcase name="Login with Empty Credentials - Login with Empty Credentials Should Display Error Messages" classname="Login with Empty Credentials" time="7.771">
    <failure message="Error message for Username field does not match! ==&gt; expected: &lt;Require&gt; but was: &lt;Required&gt;" type="org.opentest4j.AssertionFailedError"><![CDATA[org.opentest4j.AssertionFailedError: Error message for Username field does not match! ==> expected: <Require> but was: <Required>
	at com.orangehrm.selenium.cucumber.stepdefs.EmptyLoginStepDef.i_should_see_error_messages(EmptyLoginStepDef.java:68)
	at ✽.I should see error messages for blank username and password fields(classpath:features/LoginWithEmptyCredentials.feature:15)
]]></failure>
    <system-out><![CDATA[
@Login @LoginResetPassword @SanityTest
Scenario: Reset Password Functionality Should Display Success Message &amp#27;[90m# features/PasswordResetFunctionality.feature:12&amp#27;[0m

@Login @EmptyLoginCredentials @SanityTest
Scenario: Login with Empty Credentials Should Display Error Messages      &amp#27;[90m# features/LoginWithEmptyCredentials.feature:12&amp#27;[0m

@Login @ValidLoginCredentials @SmokeTest @SanityTest @EndToEndTest @RegressionTest
Scenario Outline: Login with Valid Credentials Should Navigate to Dashboard   &amp#27;[90m# features/LoginWithValidCredentials.feature:21&amp#27;[0m

@Login @InvalidLoginCredentials @SanityTest @RegressionTest
Scenario Outline: Login with Invalid Credentials Should Display Error Message &amp#27;[90m# features/LoginWithInvalidCredentials.feature:21&amp#27;[0m

@Login @InvalidLoginCredentials @SanityTest @RegressionTest
Scenario Outline: Login with Invalid Credentials Should Display Error Message &amp#27;[90m# features/LoginWithInvalidCredentials.feature:19&amp#27;[0m

@Login @InvalidLoginCredentials @SanityTest @RegressionTest
Scenario Outline: Login with Invalid Credentials Should Display Error Message   &amp#27;[90m# features/LoginWithInvalidCredentials.feature:20&amp#27;[0m
2025-01-16T20:44:37,254 [ForkJoinPool-2-worker-1] INFO  LogUtil:60 - Initializing WebDriver: Browser = chrome, Headless = false
2025-01-16T20:44:37,254 [ForkJoinPool-2-worker-5] INFO  LogUtil:60 - Initializing WebDriver: Browser = chrome, Headless = false
2025-01-16T20:44:37,254 [ForkJoinPool-2-worker-3] INFO  LogUtil:60 - Initializing WebDriver: Browser = chrome, Headless = false
2025-01-16T20:44:37,254 [ForkJoinPool-2-worker-4] INFO  LogUtil:60 - Initializing WebDriver: Browser = chrome, Headless = false
2025-01-16T20:44:37,254 [ForkJoinPool-2-worker-2] INFO  LogUtil:60 - Initializing WebDriver: Browser = chrome, Headless = false
2025-01-16T20:44:37,254 [ForkJoinPool-2-worker-6] INFO  LogUtil:60 - Initializing WebDriver: Browser = chrome, Headless = false
2025-01-16T20:44:39,872 [ForkJoinPool-2-worker-3] INFO  LogUtil:60 - Driver Instance: ChromeDriver: chrome on windows (2129d5273e2733b25bb01e5d0ac0c569) at WebDriverHooks: setUp
2025-01-16T20:44:39,875 [ForkJoinPool-2-worker-4] INFO  LogUtil:60 - Driver Instance: ChromeDriver: chrome on windows (5daa21b65811b484ca7483e22680c329) at WebDriverHooks: setUp
2025-01-16T20:44:39,926 [ForkJoinPool-2-worker-1] INFO  LogUtil:60 - Driver Instance: ChromeDriver: chrome on windows (d9630e76e7ab8c25cff50d0bb938f665) at WebDriverHooks: setUp
2025-01-16T20:44:39,934 [ForkJoinPool-2-worker-6] INFO  LogUtil:60 - Driver Instance: ChromeDriver: chrome on windows (9b3638f779ccd342c0cbc90e37c00fb6) at WebDriverHooks: setUp
2025-01-16T20:44:39,940 [ForkJoinPool-2-worker-5] INFO  LogUtil:60 - Driver Instance: ChromeDriver: chrome on windows (0c109ff5d2f21f0495ae6bd005dcfa66) at WebDriverHooks: setUp
2025-01-16T20:44:39,940 [ForkJoinPool-2-worker-2] INFO  LogUtil:60 - Driver Instance: ChromeDriver: chrome on windows (e72302f4933138eefe1ac631c80c73ed) at WebDriverHooks: setUp
2025-01-16T20:44:42,545 [ForkJoinPool-2-worker-2] INFO  LogUtil:60 - Navigating to the OrangeHRM login page.
2025-01-16T20:44:42,732 [ForkJoinPool-2-worker-4] INFO  LogUtil:60 - Navigating to the OrangeHRM login page.
2025-01-16T20:44:42,857 [ForkJoinPool-2-worker-3] INFO  LogUtil:60 - Navigating to the OrangeHRM login page.
2025-01-16T20:44:42,929 [ForkJoinPool-2-worker-6] INFO  LogUtil:60 - Navigating to the OrangeHRM login page.
2025-01-16T20:44:43,100 [ForkJoinPool-2-worker-2] INFO  LogUtil:60 - Login page loaded successfully.
  &amp#27;[32mGiven &amp#27;[0m&amp#27;[32mI am on the login page&amp#27;[0m                                            &amp#27;[90m# com.orangehrm.selenium.cucumber.stepdefs.CommonStepDef.i_am_on_the_login_page()&amp#27;[0m
2025-01-16T20:44:43,106 [ForkJoinPool-2-worker-2] INFO  LogUtil:60 - Leaving the username and password fields empty.
2025-01-16T20:44:43,157 [ForkJoinPool-2-worker-2] INFO  LogUtil:60 - Entered username: 
2025-01-16T20:44:43,229 [ForkJoinPool-2-worker-5] INFO  LogUtil:60 - Navigating to the OrangeHRM login page.
2025-01-16T20:44:43,238 [ForkJoinPool-2-worker-2] INFO  LogUtil:60 - Entered password: 
  &amp#27;[32mGiven &amp#27;[0m&amp#27;[32mI leave the username and password fields empty&amp#27;[0m                    &amp#27;[90m# com.orangehrm.selenium.cucumber.stepdefs.EmptyLoginStepDef.i_leave_fields_empty()&amp#27;[0m
2025-01-16T20:44:43,290 [ForkJoinPool-2-worker-4] INFO  LogUtil:60 - Login page loaded successfully.
  &amp#27;[32mGiven &amp#27;[0m&amp#27;[32mI am on the login page&amp#27;[0m                                                &amp#27;[90m# com.orangehrm.selenium.cucumber.stepdefs.CommonStepDef.i_am_on_the_login_page()&amp#27;[0m
2025-01-16T20:44:43,293 [ForkJoinPool-2-worker-4] INFO  LogUtil:60 - Entering valid credentials. Username: Admin, Password: admin123
2025-01-16T20:44:43,327 [ForkJoinPool-2-worker-1] INFO  LogUtil:60 - Navigating to the OrangeHRM login page.
2025-01-16T20:44:43,333 [ForkJoinPool-2-worker-2] INFO  LogUtil:60 - Clicked login button
2025-01-16T20:44:43,333 [ForkJoinPool-2-worker-2] INFO  LogUtil:60 - Login button clicked.
  &amp#27;[32mWhen &amp#27;[0m&amp#27;[32mI click on the login button&amp#27;[0m                                        &amp#27;[90m# com.orangehrm.selenium.cucumber.stepdefs.CommonStepDef.i_click_on_the_login_button()&amp#27;[0m
2025-01-16T20:44:43,335 [ForkJoinPool-2-worker-2] INFO  LogUtil:60 - Verifying error messages for blank username and password fields.
2025-01-16T20:44:43,365 [ForkJoinPool-2-worker-4] INFO  LogUtil:60 - Entered username: Admin
2025-01-16T20:44:43,428 [ForkJoinPool-2-worker-3] INFO  LogUtil:60 - Login page loaded successfully.
  &amp#27;[32mGiven &amp#27;[0m&amp#27;[32mI am on the login page&amp#27;[0m                                                &amp#27;[90m# com.orangehrm.selenium.cucumber.stepdefs.CommonStepDef.i_am_on_the_login_page()&amp#27;[0m
2025-01-16T20:44:43,430 [ForkJoinPool-2-worker-3] INFO  LogUtil:60 - Entering invalid credentials. Username: Adminn, Password: admin
2025-01-16T20:44:43,466 [ForkJoinPool-2-worker-4] INFO  LogUtil:60 - Entered password: admin123
  &amp#27;[32mGiven &amp#27;[0m&amp#27;[32mI enter a valid user name &amp#27;[0m&amp#27;[32m&amp#27;[1m"Admin"&amp#27;[0m&amp#27;[32m and a valid password &amp#27;[0m&amp#27;[32m&amp#27;[1m"admin123"&amp#27;[0m     &amp#27;[90m# com.orangehrm.selenium.cucumber.stepdefs.ValidLoginStepDef.i_enter_valid_user_credentials(java.lang.String,java.lang.String)&amp#27;[0m
2025-01-16T20:44:43,482 [ForkJoinPool-2-worker-6] INFO  LogUtil:60 - Login page loaded successfully.
  &amp#27;[32mGiven &amp#27;[0m&amp#27;[32mI am on the login page&amp#27;[0m                                                  &amp#27;[90m# com.orangehrm.selenium.cucumber.stepdefs.CommonStepDef.i_am_on_the_login_page()&amp#27;[0m
2025-01-16T20:44:43,484 [ForkJoinPool-2-worker-6] INFO  LogUtil:60 - Entering invalid credentials. Username: Admin, Password: admin123
2025-01-16T20:44:43,506 [ForkJoinPool-2-worker-3] INFO  LogUtil:60 - Entered username: Adminn
2025-01-16T20:44:43,567 [ForkJoinPool-2-worker-6] INFO  LogUtil:60 - Entered username: Admin
2025-01-16T20:44:43,609 [ForkJoinPool-2-worker-3] INFO  LogUtil:60 - Entered password: admin
  &amp#27;[32mGiven &amp#27;[0m&amp#27;[32mI enter an invalid user name &amp#27;[0m&amp#27;[32m&amp#27;[1m"Adminn"&amp#27;[0m&amp#27;[32m and an invalid password &amp#27;[0m&amp#27;[32m&amp#27;[1m"admin"&amp#27;[0m &amp#27;[90m# com.orangehrm.selenium.cucumber.stepdefs.InvalidLoginStepDef.i_enter_invalid_user_credentials(java.lang.String,java.lang.String)&amp#27;[0m
2025-01-16T20:44:43,666 [ForkJoinPool-2-worker-6] INFO  LogUtil:60 - Entered password: admin123
  &amp#27;[32mGiven &amp#27;[0m&amp#27;[32mI enter an invalid user name &amp#27;[0m&amp#27;[32m&amp#27;[1m"Admin"&amp#27;[0m&amp#27;[32m and an invalid password &amp#27;[0m&amp#27;[32m&amp#27;[1m"admin123"&amp#27;[0m &amp#27;[90m# com.orangehrm.selenium.cucumber.stepdefs.InvalidLoginStepDef.i_enter_invalid_user_credentials(java.lang.String,java.lang.String)&amp#27;[0m
  &amp#27;[31mThen &amp#27;[0m&amp#27;[31mI should see error messages for blank username and password fields&amp#27;[0m &amp#27;[90m# com.orangehrm.selenium.cucumber.stepdefs.EmptyLoginStepDef.i_should_see_error_messages()&amp#27;[0m
      &amp#27;[31morg.opentest4j.AssertionFailedError: Error message for Username field does not match! ==> expected: <Require> but was: <Required>
	at org.junit.jupiter.api.AssertionFailureBuilder.build(AssertionFailureBuilder.java:151)
	at org.junit.jupiter.api.AssertionFailureBuilder.buildAndThrow(AssertionFailureBuilder.java:132)
	at org.junit.jupiter.api.AssertEquals.failNotEqual(AssertEquals.java:197)
	at org.junit.jupiter.api.AssertEquals.assertEquals(AssertEquals.java:182)
	at org.junit.jupiter.api.Assertions.assertEquals(Assertions.java:1156)
	at com.orangehrm.selenium.cucumber.stepdefs.EmptyLoginStepDef.i_should_see_error_messages(EmptyLoginStepDef.java:68)
	at âœ½.I should see error messages for blank username and password fields(classpath:features/LoginWithEmptyCredentials.feature:15)
&amp#27;[0m
2025-01-16T20:44:43,749 [ForkJoinPool-2-worker-6] INFO  LogUtil:60 - Clicked login button
2025-01-16T20:44:43,749 [ForkJoinPool-2-worker-6] INFO  LogUtil:60 - Login button clicked.
  &amp#27;[32mWhen &amp#27;[0m&amp#27;[32mI click on the login button&amp#27;[0m                                              &amp#27;[90m# com.orangehrm.selenium.cucumber.stepdefs.CommonStepDef.i_click_on_the_login_button()&amp#27;[0m
2025-01-16T20:44:43,751 [ForkJoinPool-2-worker-6] INFO  LogUtil:60 - Verifying the error message: Invalid credentials
2025-01-16T20:44:43,795 [ForkJoinPool-2-worker-5] INFO  LogUtil:60 - Login page loaded successfully.
  &amp#27;[32mGiven &amp#27;[0m&amp#27;[32mI am on the login page&amp#27;[0m                                                &amp#27;[90m# com.orangehrm.selenium.cucumber.stepdefs.CommonStepDef.i_am_on_the_login_page()&amp#27;[0m
2025-01-16T20:44:43,797 [ForkJoinPool-2-worker-5] INFO  LogUtil:60 - Entering invalid credentials. Username: Admin, Password: admin
2025-01-16T20:44:43,860 [ForkJoinPool-2-worker-5] INFO  LogUtil:60 - Entered username: Admin
2025-01-16T20:44:43,879 [ForkJoinPool-2-worker-1] INFO  LogUtil:60 - Login page loaded successfully.
  &amp#27;[32mGiven &amp#27;[0m&amp#27;[32mI am on the login page&amp#27;[0m                                        &amp#27;[90m# com.orangehrm.selenium.cucumber.stepdefs.CommonStepDef.i_am_on_the_login_page()&amp#27;[0m
2025-01-16T20:44:43,881 [ForkJoinPool-2-worker-1] INFO  LogUtil:60 - Clicking on the link: Forgot your password?

    Embedding Login with Empty Credentials Should Display Error Messages [image/png 95233 bytes]

2025-01-16T20:44:43,935 [ForkJoinPool-2-worker-2] ERROR LogUtil:66 - Test Failed: Login with Empty Credentials Should Display Error Messages
2025-01-16T20:44:43,936 [ForkJoinPool-2-worker-2] INFO  LogUtil:60 - Processing Scenario: Name = LoginWithEmptyCredentials, Line = 12
2025-01-16T20:44:43,937 [ForkJoinPool-2-worker-5] INFO  LogUtil:60 - Entered password: admin
  &amp#27;[32mGiven &amp#27;[0m&amp#27;[32mI enter an invalid user name &amp#27;[0m&amp#27;[32m&amp#27;[1m"Admin"&amp#27;[0m&amp#27;[32m and an invalid password &amp#27;[0m&amp#27;[32m&amp#27;[1m"admin"&amp#27;[0m  &amp#27;[90m# com.orangehrm.selenium.cucumber.stepdefs.InvalidLoginStepDef.i_enter_invalid_user_credentials(java.lang.String,java.lang.String)&amp#27;[0m
2025-01-16T20:44:44,144 [ForkJoinPool-2-worker-2] INFO  LogUtil:60 - Screenshot of Failed Test Scenario LoginWithEmptyCredentials is saved.
]]></system-out>
    <system-err><![CDATA[[ForkJoinPool-2-worker-5] INFO io.github.bonigarcia.wdm.WebDriverManager - Using chromedriver 131.0.6778.264 (resolved driver for Chrome 131)
[ForkJoinPool-2-worker-1] INFO io.github.bonigarcia.wdm.WebDriverManager - Using chromedriver 131.0.6778.264 (resolved driver for Chrome 131)
[ForkJoinPool-2-worker-2] INFO io.github.bonigarcia.wdm.WebDriverManager - Using chromedriver 131.0.6778.264 (resolved driver for Chrome 131)
[ForkJoinPool-2-worker-6] INFO io.github.bonigarcia.wdm.WebDriverManager - Using chromedriver 131.0.6778.264 (resolved driver for Chrome 131)
[ForkJoinPool-2-worker-3] INFO io.github.bonigarcia.wdm.WebDriverManager - Using chromedriver 131.0.6778.264 (resolved driver for Chrome 131)
[ForkJoinPool-2-worker-5] INFO io.github.bonigarcia.wdm.WebDriverManager - Exporting webdriver.chrome.driver as C:\Users\satis\.cache\selenium\chromedriver\win64\131.0.6778.264\chromedriver.exe
[ForkJoinPool-2-worker-1] INFO io.github.bonigarcia.wdm.WebDriverManager - Exporting webdriver.chrome.driver as C:\Users\satis\.cache\selenium\chromedriver\win64\131.0.6778.264\chromedriver.exe
[ForkJoinPool-2-worker-6] INFO io.github.bonigarcia.wdm.WebDriverManager - Exporting webdriver.chrome.driver as C:\Users\satis\.cache\selenium\chromedriver\win64\131.0.6778.264\chromedriver.exe
[ForkJoinPool-2-worker-2] INFO io.github.bonigarcia.wdm.WebDriverManager - Exporting webdriver.chrome.driver as C:\Users\satis\.cache\selenium\chromedriver\win64\131.0.6778.264\chromedriver.exe
[ForkJoinPool-2-worker-4] INFO io.github.bonigarcia.wdm.WebDriverManager - Using chromedriver 131.0.6778.264 (resolved driver for Chrome 131)
[ForkJoinPool-2-worker-3] INFO io.github.bonigarcia.wdm.WebDriverManager - Exporting webdriver.chrome.driver as C:\Users\satis\.cache\selenium\chromedriver\win64\131.0.6778.264\chromedriver.exe
[ForkJoinPool-2-worker-4] INFO io.github.bonigarcia.wdm.WebDriverManager - Exporting webdriver.chrome.driver as C:\Users\satis\.cache\selenium\chromedriver\win64\131.0.6778.264\chromedriver.exe
]]></system-err>
    <rerunFailure message="Error message for Username field does not match! ==&gt; expected: &lt;Require&gt; but was: &lt;Required&gt;" type="org.opentest4j.AssertionFailedError">
      <stackTrace><![CDATA[org.opentest4j.AssertionFailedError: Error message for Username field does not match! ==> expected: <Require> but was: <Required>
	at com.orangehrm.selenium.cucumber.stepdefs.EmptyLoginStepDef.i_should_see_error_messages(EmptyLoginStepDef.java:68)
	at ✽.I should see error messages for blank username and password fields(classpath:features/LoginWithEmptyCredentials.feature:15)
]]></stackTrace>
      <system-out><![CDATA[
@Login @InvalidLoginCredentials @SanityTest @RegressionTest
Scenario Outline: Login with Invalid Credentials Should Display Error Message   &amp#27;[90m# features/LoginWithInvalidCredentials.feature:20&amp#27;[0m
2025-01-16T20:44:56,835 [ForkJoinPool-4-worker-1] INFO  LogUtil:60 - Initializing WebDriver: Browser = chrome, Headless = false

@Login @EmptyLoginCredentials @SanityTest
Scenario: Login with Empty Credentials Should Display Error Messages      &amp#27;[90m# features/LoginWithEmptyCredentials.feature:12&amp#27;[0m
2025-01-16T20:44:56,900 [ForkJoinPool-4-worker-2] INFO  LogUtil:60 - Initializing WebDriver: Browser = chrome, Headless = false
2025-01-16T20:44:57,514 [ForkJoinPool-4-worker-1] INFO  LogUtil:60 - Driver Instance: ChromeDriver: chrome on windows (18bbbd2212dbfd40032bdaf0285b6027) at WebDriverHooks: setUp
2025-01-16T20:44:57,625 [ForkJoinPool-4-worker-2] INFO  LogUtil:60 - Driver Instance: ChromeDriver: chrome on windows (ae25a84fe7267bd6cd5daa80c518a151) at WebDriverHooks: setUp
2025-01-16T20:45:00,062 [ForkJoinPool-4-worker-1] INFO  LogUtil:60 - Navigating to the OrangeHRM login page.
2025-01-16T20:45:00,477 [ForkJoinPool-4-worker-2] INFO  LogUtil:60 - Navigating to the OrangeHRM login page.
2025-01-16T20:45:00,607 [ForkJoinPool-4-worker-1] INFO  LogUtil:60 - Login page loaded successfully.
  &amp#27;[32mGiven &amp#27;[0m&amp#27;[32mI am on the login page&amp#27;[0m                                                  &amp#27;[90m# com.orangehrm.selenium.cucumber.stepdefs.CommonStepDef.i_am_on_the_login_page()&amp#27;[0m
2025-01-16T20:45:00,609 [ForkJoinPool-4-worker-1] INFO  LogUtil:60 - Entering invalid credentials. Username: Admin, Password: admin123
2025-01-16T20:45:00,663 [ForkJoinPool-4-worker-1] INFO  LogUtil:60 - Entered username: Admin
2025-01-16T20:45:00,722 [ForkJoinPool-4-worker-1] INFO  LogUtil:60 - Entered password: admin123
  &amp#27;[32mGiven &amp#27;[0m&amp#27;[32mI enter an invalid user name &amp#27;[0m&amp#27;[32m&amp#27;[1m"Admin"&amp#27;[0m&amp#27;[32m and an invalid password &amp#27;[0m&amp#27;[32m&amp#27;[1m"admin123"&amp#27;[0m &amp#27;[90m# com.orangehrm.selenium.cucumber.stepdefs.InvalidLoginStepDef.i_enter_invalid_user_credentials(java.lang.String,java.lang.String)&amp#27;[0m
2025-01-16T20:45:00,781 [ForkJoinPool-4-worker-1] INFO  LogUtil:60 - Clicked login button
2025-01-16T20:45:00,781 [ForkJoinPool-4-worker-1] INFO  LogUtil:60 - Login button clicked.
  &amp#27;[32mWhen &amp#27;[0m&amp#27;[32mI click on the login button&amp#27;[0m                                              &amp#27;[90m# com.orangehrm.selenium.cucumber.stepdefs.CommonStepDef.i_click_on_the_login_button()&amp#27;[0m
2025-01-16T20:45:00,785 [ForkJoinPool-4-worker-1] INFO  LogUtil:60 - Verifying the error message: Invalid credentials
2025-01-16T20:45:01,015 [ForkJoinPool-4-worker-2] INFO  LogUtil:60 - Login page loaded successfully.
  &amp#27;[32mGiven &amp#27;[0m&amp#27;[32mI am on the login page&amp#27;[0m                                            &amp#27;[90m# com.orangehrm.selenium.cucumber.stepdefs.CommonStepDef.i_am_on_the_login_page()&amp#27;[0m
2025-01-16T20:45:01,017 [ForkJoinPool-4-worker-2] INFO  LogUtil:60 - Leaving the username and password fields empty.
2025-01-16T20:45:01,063 [ForkJoinPool-4-worker-2] INFO  LogUtil:60 - Entered username: 
2025-01-16T20:45:01,117 [ForkJoinPool-4-worker-2] INFO  LogUtil:60 - Entered password: 
  &amp#27;[32mGiven &amp#27;[0m&amp#27;[32mI leave the username and password fields empty&amp#27;[0m                    &amp#27;[90m# com.orangehrm.selenium.cucumber.stepdefs.EmptyLoginStepDef.i_leave_fields_empty()&amp#27;[0m
2025-01-16T20:45:01,174 [ForkJoinPool-4-worker-2] INFO  LogUtil:60 - Clicked login button
2025-01-16T20:45:01,174 [ForkJoinPool-4-worker-2] INFO  LogUtil:60 - Login button clicked.
  &amp#27;[32mWhen &amp#27;[0m&amp#27;[32mI click on the login button&amp#27;[0m                                        &amp#27;[90m# com.orangehrm.selenium.cucumber.stepdefs.CommonStepDef.i_click_on_the_login_button()&amp#27;[0m
2025-01-16T20:45:01,176 [ForkJoinPool-4-worker-2] INFO  LogUtil:60 - Verifying error messages for blank username and password fields.
  &amp#27;[31mThen &amp#27;[0m&amp#27;[31mI should see error messages for blank username and password fields&amp#27;[0m &amp#27;[90m# com.orangehrm.selenium.cucumber.stepdefs.EmptyLoginStepDef.i_should_see_error_messages()&amp#27;[0m
      &amp#27;[31morg.opentest4j.AssertionFailedError: Error message for Username field does not match! ==> expected: <Require> but was: <Required>
	at org.junit.jupiter.api.AssertionFailureBuilder.build(AssertionFailureBuilder.java:151)
	at org.junit.jupiter.api.AssertionFailureBuilder.buildAndThrow(AssertionFailureBuilder.java:132)
	at org.junit.jupiter.api.AssertEquals.failNotEqual(AssertEquals.java:197)
	at org.junit.jupiter.api.AssertEquals.assertEquals(AssertEquals.java:182)
	at org.junit.jupiter.api.Assertions.assertEquals(Assertions.java:1156)
	at com.orangehrm.selenium.cucumber.stepdefs.EmptyLoginStepDef.i_should_see_error_messages(EmptyLoginStepDef.java:68)
	at âœ½.I should see error messages for blank username and password fields(classpath:features/LoginWithEmptyCredentials.feature:15)
&amp#27;[0m

    Embedding Login with Empty Credentials Should Display Error Messages [image/png 81147 bytes]

2025-01-16T20:45:01,596 [ForkJoinPool-4-worker-2] ERROR LogUtil:66 - Test Failed: Login with Empty Credentials Should Display Error Messages
2025-01-16T20:45:01,596 [ForkJoinPool-4-worker-2] INFO  LogUtil:60 - Processing Scenario: Name = LoginWithEmptyCredentials, Line = 12
2025-01-16T20:45:01,596 [ForkJoinPool-4-worker-2] INFO  LogUtil:60 - Duplicate Screenshot: LoginWithEmptyCredentials at line 12
]]></system-out>
      <system-err><![CDATA[[ForkJoinPool-4-worker-1] INFO io.github.bonigarcia.wdm.WebDriverManager - Using chromedriver 131.0.6778.264 (resolved driver for Chrome 131)
[ForkJoinPool-4-worker-1] INFO io.github.bonigarcia.wdm.WebDriverManager - Exporting webdriver.chrome.driver as C:\Users\satis\.cache\selenium\chromedriver\win64\131.0.6778.264\chromedriver.exe
[ForkJoinPool-4-worker-2] INFO io.github.bonigarcia.wdm.WebDriverManager - Using chromedriver 131.0.6778.264 (resolved driver for Chrome 131)
[ForkJoinPool-4-worker-2] INFO io.github.bonigarcia.wdm.WebDriverManager - Exporting webdriver.chrome.driver as C:\Users\satis\.cache\selenium\chromedriver\win64\131.0.6778.264\chromedriver.exe
]]></system-err>
    </rerunFailure>
  </testcase>
  <testcase name="Login with Invalid Credentials - Login with Invalid Credentials Should Display Error Message - Examples - Example #1.3" classname="Login with Invalid Credentials - Login with Invalid Credentials Should Display Error Message - Examples" time="8.781"/>
  <testcase name="Login with Invalid Credentials - Login with Invalid Credentials Should Display Error Message - Examples - Example #1.1" classname="Login with Invalid Credentials - Login with Invalid Credentials Should Display Error Message - Examples" time="9.415"/>
  <testcase name="Login with Invalid Credentials - Login with Invalid Credentials Should Display Error Message - Examples - Example #1.2" classname="Login with Invalid Credentials - Login with Invalid Credentials Should Display Error Message - Examples" time="18.051">
    <failure message="Error message not displayed as expected! ==&gt; expected: &lt;Invalid credentials&gt; but was: &lt;&gt;" type="org.opentest4j.AssertionFailedError"><![CDATA[org.opentest4j.AssertionFailedError: Error message not displayed as expected! ==> expected: <Invalid credentials> but was: <>
	at com.orangehrm.selenium.cucumber.stepdefs.InvalidLoginStepDef.i_should_see_error_message(InvalidLoginStepDef.java:65)
	at ✽.I should see an error message "Invalid credentials" on the Login page(classpath:features/LoginWithInvalidCredentials.feature:15)
]]></failure>
    <system-out><![CDATA[  &amp#27;[31mThen &amp#27;[0m&amp#27;[31mI should see an error message &amp#27;[0m&amp#27;[31m&amp#27;[1m"Invalid credentials"&amp#27;[0m&amp#27;[31m on the Login page&amp#27;[0m    &amp#27;[90m# com.orangehrm.selenium.cucumber.stepdefs.InvalidLoginStepDef.i_should_see_error_message(java.lang.String)&amp#27;[0m
      &amp#27;[31morg.opentest4j.AssertionFailedError: Error message not displayed as expected! ==> expected: <Invalid credentials> but was: <>
	at org.junit.jupiter.api.AssertionFailureBuilder.build(AssertionFailureBuilder.java:151)
	at org.junit.jupiter.api.AssertionFailureBuilder.buildAndThrow(AssertionFailureBuilder.java:132)
	at org.junit.jupiter.api.AssertEquals.failNotEqual(AssertEquals.java:197)
	at org.junit.jupiter.api.AssertEquals.assertEquals(AssertEquals.java:182)
	at org.junit.jupiter.api.Assertions.assertEquals(Assertions.java:1156)
	at com.orangehrm.selenium.cucumber.stepdefs.InvalidLoginStepDef.i_should_see_error_message(InvalidLoginStepDef.java:65)
	at âœ½.I should see an error message "Invalid credentials" on the Login page(classpath:features/LoginWithInvalidCredentials.feature:15)
&amp#27;[0m

    Embedding Login with Invalid Credentials Should Display Error Message [image/png 257855 bytes]

2025-01-16T20:44:54,230 [ForkJoinPool-2-worker-6] ERROR LogUtil:66 - Test Failed: Login with Invalid Credentials Should Display Error Message
2025-01-16T20:44:54,230 [ForkJoinPool-2-worker-6] INFO  LogUtil:60 - Processing Scenario: Name = LoginWithInvalidCredentials, Line = 20
2025-01-16T20:44:54,428 [ForkJoinPool-2-worker-6] INFO  LogUtil:60 - Screenshot of Failed Test Scenario LoginWithInvalidCredentials is saved.
]]></system-out>
    <rerunFailure message="Error message not displayed as expected! ==&gt; expected: &lt;Invalid credentials&gt; but was: &lt;&gt;" type="org.opentest4j.AssertionFailedError">
      <stackTrace><![CDATA[org.opentest4j.AssertionFailedError: Error message not displayed as expected! ==> expected: <Invalid credentials> but was: <>
	at com.orangehrm.selenium.cucumber.stepdefs.InvalidLoginStepDef.i_should_see_error_message(InvalidLoginStepDef.java:65)
	at ✽.I should see an error message "Invalid credentials" on the Login page(classpath:features/LoginWithInvalidCredentials.feature:15)
]]></stackTrace>
      <system-out><![CDATA[  &amp#27;[31mThen &amp#27;[0m&amp#27;[31mI should see an error message &amp#27;[0m&amp#27;[31m&amp#27;[1m"Invalid credentials"&amp#27;[0m&amp#27;[31m on the Login page&amp#27;[0m    &amp#27;[90m# com.orangehrm.selenium.cucumber.stepdefs.InvalidLoginStepDef.i_should_see_error_message(java.lang.String)&amp#27;[0m
      &amp#27;[31morg.opentest4j.AssertionFailedError: Error message not displayed as expected! ==> expected: <Invalid credentials> but was: <>
	at org.junit.jupiter.api.AssertionFailureBuilder.build(AssertionFailureBuilder.java:151)
	at org.junit.jupiter.api.AssertionFailureBuilder.buildAndThrow(AssertionFailureBuilder.java:132)
	at org.junit.jupiter.api.AssertEquals.failNotEqual(AssertEquals.java:197)
	at org.junit.jupiter.api.AssertEquals.assertEquals(AssertEquals.java:182)
	at org.junit.jupiter.api.Assertions.assertEquals(Assertions.java:1156)
	at com.orangehrm.selenium.cucumber.stepdefs.InvalidLoginStepDef.i_should_see_error_message(InvalidLoginStepDef.java:65)
	at âœ½.I should see an error message "Invalid credentials" on the Login page(classpath:features/LoginWithInvalidCredentials.feature:15)
&amp#27;[0m

    Embedding Login with Invalid Credentials Should Display Error Message [image/png 257855 bytes]

2025-01-16T20:45:11,236 [ForkJoinPool-4-worker-1] ERROR LogUtil:66 - Test Failed: Login with Invalid Credentials Should Display Error Message
2025-01-16T20:45:11,236 [ForkJoinPool-4-worker-1] INFO  LogUtil:60 - Processing Scenario: Name = LoginWithInvalidCredentials, Line = 20
2025-01-16T20:45:11,237 [ForkJoinPool-4-worker-1] INFO  LogUtil:60 - Duplicate Screenshot: LoginWithInvalidCredentials at line 20
]]></system-out>
    </rerunFailure>
  </testcase>
  <testcase name="Password Reset Functionality - Reset Password Functionality Should Display Success Message" classname="Password Reset Functionality" time="10.463"/>
  <testcase name="Login with Valid Credentials - Login with Valid Credentials Should Navigate to Dashboard - Examples - Example #1.1" classname="Login with Valid Credentials - Login with Valid Credentials Should Navigate to Dashboard - Examples" time="11.037"/>
</testsuite>